<?xml version="1.0" encoding="UTF-8"?>
<!-- Generated by org.testng.reporters.JUnitReportReporter -->
<testsuite hostname="sree" failures="0" tests="5" name="testng.Description" time="0.016" errors="0" timestamp="2023-01-13T06:44:09 IST" skipped="0">
  <testcase classname="testng.Description" name="f2" time="0.004"/>
  <system-out/>
  <testcase classname="testng.Description" name="f4" time="0.001"/>
  <system-out/>
  <testcase classname="testng.Description" name="f3" time="0.002"/>
  <system-out/>
  <testcase classname="testng.Description" name="f1" time="0.007"/>
  <system-out/>
  <testcase classname="testng.Description" name="f5" time="0.002"/>
  <system-out/>
</testsuite> <!-- testng.Description -->
