<?xml version="1.0" encoding="UTF-8"?>
<!-- Generated by org.testng.reporters.JUnitReportReporter -->
<testsuite hostname="sree" failures="0" tests="2" name="testng.NewTest" time="25.926" errors="0" timestamp="2023-01-11T10:26:14 IST" skipped="0">
  <testcase classname="testng.NewTest" name="register" time="24.179"/>
  <system-out/>
  <testcase classname="testng.NewTest" name="mainmenu" time="1.747"/>
  <system-out/>
</testsuite> <!-- testng.NewTest -->
