<?xml version="1.0" encoding="UTF-8"?>
<!-- Generated by org.testng.reporters.JUnitReportReporter -->
<testsuite hostname="sree" failures="0" tests="1" name="dropdown.DropDown" time="19.046" errors="0" timestamp="2023-01-11T12:44:12 IST" skipped="0">
  <testcase classname="dropdown.DropDown" name="dropDown" time="19.046"/>
  <system-out/>
</testsuite> <!-- dropdown.DropDown -->
