<?xml version="1.0" encoding="UTF-8"?>
<!-- Generated by org.testng.reporters.JUnitReportReporter -->
<testsuite hostname="sree" failures="0" tests="2" name="testng.DependsOnMethod" time="10.784" errors="0" timestamp="2023-01-11T15:34:05 IST" skipped="0">
  <testcase classname="testng.DependsOnMethod" name="method2" time="2.649"/>
  <system-out/>
  <testcase classname="testng.DependsOnMethod" name="method1" time="8.135"/>
  <system-out/>
</testsuite> <!-- testng.DependsOnMethod -->
